2020-09-20 20:59:13,979  INFO [main] StepDefinitions:43 - Chrome driver got loaded
2020-09-20 20:59:40,918  INFO [main] StepDefinitions:75 - Clicked on registration
2020-09-20 20:59:56,681  INFO [main] StepDefinitions:132 - Details entered for registration
2020-09-20 21:00:07,555  INFO [main] StepDefinitions:43 - Chrome driver got loaded
2020-09-20 21:00:17,862  INFO [main] StepDefinitions:152 - clicked on Sign In page
2020-09-20 21:00:29,005  INFO [main] StepDefinitions:178 - Entered details for  login
2020-09-20 21:00:38,013  INFO [main] StepDefinitions:43 - Chrome driver got loaded
2020-09-20 21:01:05,043  INFO [main] StepDefinitions:201 - ForgotPassword validation
2020-09-20 21:01:05,462  INFO [main] StepDefinitions:219 - Password Reset validation email entered
2020-09-20 21:01:09,828  INFO [main] StepDefinitions:236 - Password Reset validation done
2020-09-20 21:05:44,724  INFO [main] StepDefinitions:43 - Chrome driver got loaded
2020-09-20 21:06:27,408  INFO [main] StepDefinitions:75 - Clicked on registration
2020-09-20 21:06:43,126  INFO [main] StepDefinitions:132 - Details entered for registration
2020-09-20 21:06:52,669  INFO [main] StepDefinitions:43 - Chrome driver got loaded
2020-09-20 21:07:15,119  INFO [main] StepDefinitions:152 - clicked on Sign In page
2020-09-20 21:07:23,041  INFO [main] StepDefinitions:178 - Entered details for  login
2020-09-20 21:07:30,976  INFO [main] StepDefinitions:43 - Chrome driver got loaded
2020-09-20 21:08:01,418  INFO [main] StepDefinitions:201 - ForgotPassword validation
2020-09-20 21:08:01,755  INFO [main] StepDefinitions:219 - Password Reset validation email entered
2020-09-20 21:08:11,036  INFO [main] StepDefinitions:236 - Password Reset validation done
2020-09-20 21:13:42,599  INFO [main] StepDefinitions:43 - Chrome driver got loaded
2020-09-20 21:13:59,018  INFO [main] StepDefinitions:75 - Clicked on registration
2020-09-20 21:14:07,366  INFO [main] StepDefinitions:132 - Details entered for registration
2020-09-20 21:14:15,830  INFO [main] StepDefinitions:43 - Chrome driver got loaded
2020-09-20 21:14:27,647  INFO [main] StepDefinitions:152 - clicked on Sign In page
2020-09-20 21:14:40,322  INFO [main] StepDefinitions:178 - Entered details for  login
2020-09-20 21:14:48,971  INFO [main] StepDefinitions:43 - Chrome driver got loaded
2020-09-20 21:15:12,264  INFO [main] StepDefinitions:201 - ForgotPassword validation
2020-09-20 21:15:12,802  INFO [main] StepDefinitions:219 - Password Reset validation email entered
2020-09-20 21:15:15,725  INFO [main] StepDefinitions:236 - Password Reset validation done
2020-09-20 22:31:18,765  INFO [main] StepDefinitions:45 - Chrome driver got loaded
2020-09-20 22:31:43,971  INFO [main] StepDefinitions:77 - Clicked on registration
2020-09-20 22:31:58,880  INFO [main] StepDefinitions:134 - Details entered for registration
2020-09-20 22:32:08,623  INFO [main] StepDefinitions:45 - Chrome driver got loaded
2020-09-20 22:32:20,716  INFO [main] StepDefinitions:154 - clicked on Sign In page
2020-09-20 22:32:40,602  INFO [main] StepDefinitions:180 - Entered details for  login
2020-09-20 22:32:47,791  INFO [main] StepDefinitions:45 - Chrome driver got loaded
2020-09-20 22:33:04,816  INFO [main] StepDefinitions:203 - ForgotPassword validation
2020-09-20 22:33:09,148  INFO [main] StepDefinitions:221 - Password Reset validation email entered
2020-09-20 22:33:14,193  INFO [main] StepDefinitions:238 - Password Reset validation done
